<?xml version="1.0" encoding="UTF-8"?>
<testsuite name="com.blinkbox.warehouse.android.EventsWarehouseTest" tests="7" skipped="0" failures="1" errors="0" timestamp="2014-05-29T14:53:28" hostname="wheezy-laptop-test" time="0.281">
  <properties/>
  <testcase name="sendsRequiredHTTPHeaders" classname="com.blinkbox.warehouse.android.EventsWarehouseTest" time="0.237"/>
  <testcase name="appendsUserIdWhenNotAlreadySetInEvent" classname="com.blinkbox.warehouse.android.EventsWarehouseTest" time="0.011"/>
  <testcase name="usesHTTPPostMethod" classname="com.blinkbox.warehouse.android.EventsWarehouseTest" time="0.0040"/>
  <testcase name="appendsUUIDWhenNotAlreadySetInEvent" classname="com.blinkbox.warehouse.android.EventsWarehouseTest" time="0.0060"/>
  <testcase name="sendsEvent" classname="com.blinkbox.warehouse.android.EventsWarehouseTest" time="0.0030"/>
  <testcase name="appendsSessionIdWhenNotAlreadySetInEvent" classname="com.blinkbox.warehouse.android.EventsWarehouseTest" time="0.0040"/>
  <testcase name="throwsUninitializedMessageExceptionIfNoSessionIdIsSet" classname="com.blinkbox.warehouse.android.EventsWarehouseTest" time="0.01">
    <failure message="java.lang.AssertionError: Expected test to throw (an instance of com.google.protobuf.UninitializedMessageException and exception with message a string containing &quot;session_id&quot;)" type="java.lang.AssertionError">java.lang.AssertionError: Expected test to throw (an instance of com.google.protobuf.UninitializedMessageException and exception with message a string containing &quot;session_id&quot;)
	at org.junit.Assert.fail(Assert.java:88)
	at org.junit.rules.ExpectedException.failDueToMissingException(ExpectedException.java:184)
	at org.junit.rules.ExpectedException.access$100(ExpectedException.java:85)
	at org.junit.rules.ExpectedException$ExpectedExceptionStatement.evaluate(ExpectedException.java:170)
	at org.junit.rules.RunRules.evaluate(RunRules.java:20)
	at org.junit.runners.ParentRunner.runLeaf(ParentRunner.java:271)
	at org.junit.runners.BlockJUnit4ClassRunner.runChild(BlockJUnit4ClassRunner.java:70)
	at org.junit.runners.BlockJUnit4ClassRunner.runChild(BlockJUnit4ClassRunner.java:50)
	at org.junit.runners.ParentRunner$3.run(ParentRunner.java:238)
	at org.junit.runners.ParentRunner$1.schedule(ParentRunner.java:63)
	at org.junit.runners.ParentRunner.runChildren(ParentRunner.java:236)
	at org.junit.runners.ParentRunner.access$000(ParentRunner.java:53)
	at org.junit.runners.ParentRunner$2.evaluate(ParentRunner.java:229)
	at org.junit.runners.ParentRunner.run(ParentRunner.java:309)
	at org.gradle.api.internal.tasks.testing.junit.JUnitTestClassExecuter.runTestClass(JUnitTestClassExecuter.java:86)
	at org.gradle.api.internal.tasks.testing.junit.JUnitTestClassExecuter.execute(JUnitTestClassExecuter.java:49)
	at org.gradle.api.internal.tasks.testing.junit.JUnitTestClassProcessor.processTestClass(JUnitTestClassProcessor.java:69)
	at org.gradle.api.internal.tasks.testing.SuiteTestClassProcessor.processTestClass(SuiteTestClassProcessor.java:48)
	at sun.reflect.NativeMethodAccessorImpl.invoke0(Native Method)
	at sun.reflect.NativeMethodAccessorImpl.invoke(NativeMethodAccessorImpl.java:39)
	at sun.reflect.DelegatingMethodAccessorImpl.invoke(DelegatingMethodAccessorImpl.java:25)
	at java.lang.reflect.Method.invoke(Method.java:597)
	at org.gradle.messaging.dispatch.ReflectionDispatch.dispatch(ReflectionDispatch.java:35)
	at org.gradle.messaging.dispatch.ReflectionDispatch.dispatch(ReflectionDispatch.java:24)
	at org.gradle.messaging.dispatch.ContextClassLoaderDispatch.dispatch(ContextClassLoaderDispatch.java:32)
	at org.gradle.messaging.dispatch.ProxyDispatchAdapter$DispatchingInvocationHandler.invoke(ProxyDispatchAdapter.java:93)
	at com.sun.proxy.$Proxy2.processTestClass(Unknown Source)
	at org.gradle.api.internal.tasks.testing.worker.TestWorker.processTestClass(TestWorker.java:105)
	at sun.reflect.NativeMethodAccessorImpl.invoke0(Native Method)
	at sun.reflect.NativeMethodAccessorImpl.invoke(NativeMethodAccessorImpl.java:39)
	at sun.reflect.DelegatingMethodAccessorImpl.invoke(DelegatingMethodAccessorImpl.java:25)
	at java.lang.reflect.Method.invoke(Method.java:597)
	at org.gradle.messaging.dispatch.ReflectionDispatch.dispatch(ReflectionDispatch.java:35)
	at org.gradle.messaging.dispatch.ReflectionDispatch.dispatch(ReflectionDispatch.java:24)
	at org.gradle.messaging.remote.internal.hub.MessageHub$Handler.run(MessageHub.java:355)
	at org.gradle.internal.concurrent.DefaultExecutorFactory$StoppableExecutorImpl$1.run(DefaultExecutorFactory.java:64)
	at java.util.concurrent.ThreadPoolExecutor$Worker.runTask(ThreadPoolExecutor.java:895)
	at java.util.concurrent.ThreadPoolExecutor$Worker.run(ThreadPoolExecutor.java:918)
	at java.lang.Thread.run(Thread.java:662)
</failure>
  </testcase>
  <system-out><![CDATA[]]></system-out>
  <system-err><![CDATA[]]></system-err>
</testsuite>
